
> docs@0.0.0 prebuild
> npm run check-case-sensitivity


> docs@0.0.0 check-case-sensitivity
> node scripts/check-case-sensitivity.js

✅ No case sensitivity issues found!

> docs@0.0.0 build
> docusaurus build

[INFO] Website will be built for all these locales: 
- en
- es
- fr
- de
- zh
[INFO] [en] Creating an optimized production build...
[baseline-browser-mapping] The data in this module is over two months old.  To ensure accurate Baseline data, please update: `npm i baseline-browser-mapping@latest -D`
[webpackbar] ℹ Compiling Client
[webpackbar] ℹ Compiling Server
[webpackbar] ✔ Server: Compiled successfully in 13.73s
[baseline-browser-mapping] The data in this module is over two months old.  To ensure accurate Baseline data, please update: `npm i baseline-browser-mapping@latest -D`
[webpackbar] ✔ Client: Compiled successfully in 19.12s
[WARNING] Docusaurus found broken links!

Please check the pages of your site in the list below, and make sure you don't reference any path that does not exist.
Note: it's possible to ignore broken links with the 'onBrokenLinks' Docusaurus configuration, and let the build pass.

Exhaustive list of all broken links found:
- Broken link on source page path = /unraid-os/release-notes/7.2.0/:
   -> linking to warn/ (resolved as: /unraid-os/release-notes/7.2.0/warn/)
- Broken link on source page path = /unraid-os/using-unraid-to/manage-storage/file-systems/:
   -> linking to warn/ (resolved as: /unraid-os/using-unraid-to/manage-storage/file-systems/warn/)

[SUCCESS] Generated static files in "build".
[INFO] [es] Creating an optimized production build...
[webpackbar] ℹ Compiling Client
[webpackbar] ℹ Compiling Server
[WARNING] Docusaurus found 1 unused Markdown directives in file "i18n/es/docusaurus-plugin-content-docs/current/unraid-os/using-unraid-to/create-virtual-machines/unraid-as-a-vm.mdx"
- :::importante (94:3)
Your content might render in an unexpected way. Visit https://github.com/facebook/docusaurus/pull/9394 to find out why and how to fix it.
[WARNING] Docusaurus found 1 unused Markdown directives in file "i18n/es/docusaurus-plugin-content-docs/current/unraid-os/using-unraid-to/manage-storage/shares.mdx"
- :::nota (141:4)
Your content might render in an unexpected way. Visit https://github.com/facebook/docusaurus/pull/9394 to find out why and how to fix it.
[WARNING] Docusaurus found 5 unused Markdown directives in file "i18n/es/docusaurus-plugin-content-docs/current/unraid-os/system-administration/secure-your-server/securing-your-connection.mdx"
- :::advertencia (63:3)
- :::importante (85:3)
- :::consejo (125:3)
- :::nota (166:3)
- :::consejo (214:3)
Your content might render in an unexpected way. Visit https://github.com/facebook/docusaurus/pull/9394 to find out why and how to fix it.
[WARNING] Docusaurus found 1 unused Markdown directives in file "i18n/es/docusaurus-plugin-content-docs/current/unraid-os/system-administration/maintain-and-update/changing-the-flash-device.mdx"
- :::nota (56:3)
Your content might render in an unexpected way. Visit https://github.com/facebook/docusaurus/pull/9394 to find out why and how to fix it.
[webpackbar] ✔ Server: Compiled with some errors in 13.26s
[baseline-browser-mapping] The data in this module is over two months old.  To ensure accurate Baseline data, please update: `npm i baseline-browser-mapping@latest -D`
[webpackbar] ✔ Client: Compiled with some errors in 18.18s
[ERROR] Client bundle compiled with errors therefore further build is impossible.
Error: MDX compilation failed for file "/Users/elibosley/Code/docs/i18n/es/docusaurus-plugin-content-docs/current/unraid-os/advanced-configurations/optimize-storage/zfs-storage.mdx"
Cause: Markdown image with URL `/img/zfs1.png` in source file "i18n/es/docusaurus-plugin-content-docs/current/unraid-os/advanced-configurations/optimize-storage/zfs-storage.mdx" (42:3) couldn't be resolved to an existing local image file.
To ignore this error, use the `siteConfig.markdown.hooks.onBrokenMarkdownImages` option, or apply the `pathname://` protocol to the broken image URLs.
Details:
Error: Markdown image with URL `/img/zfs1.png` in source file "i18n/es/docusaurus-plugin-content-docs/current/unraid-os/advanced-configurations/optimize-storage/zfs-storage.mdx" (42:3) couldn't be resolved to an existing local image file.
To ignore this error, use the `siteConfig.markdown.hooks.onBrokenMarkdownImages` option, or apply the `pathname://` protocol to the broken image URLs.
    at async Promise.all (index 0)
